app/build/intermediates/manifest_merge_blame_file/debug/manifest-merger-blame-debug-report.txt
1<?xml version="1.0" encoding="utf-8"?>
2<manifest xmlns:android="http://schemas.android.com/apk/res/android"
3    package="org.jmonkeyengine.simple_jme_android"
4    android:versionCode="1"
5    android:versionName="1.0" >
6
7    <uses-sdk
8        android:minSdkVersion="19"
8-->src\main\AndroidManifest.xml
9        android:targetSdkVersion="23" />
9-->src\main\AndroidManifest.xml
10
11    <application
11-->src\main\AndroidManifest.xml:5:5-20:19
12        android:allowBackup="true"
12-->src\main\AndroidManifest.xml:6:9-35
13        android:debuggable="true"
14        android:icon="@mipmap/smartmonkey"
14-->src\main\AndroidManifest.xml:7:9-43
15        android:label="@string/app_name"
15-->src\main\AndroidManifest.xml:8:9-41
16        android:supportsRtl="true"
16-->src\main\AndroidManifest.xml:9:9-35
17        android:theme="@style/AppTheme" >
17-->src\main\AndroidManifest.xml:10:9-40
18        <activity
18-->src\main\AndroidManifest.xml:11:9-19:20
19            android:name="org.jmonkeyengine.simple_jme_android.MainActivity"
19-->src\main\AndroidManifest.xml:11:19-47
20            android:launchMode="singleTask"
20-->src\main\AndroidManifest.xml:12:13-44
21            android:screenOrientation="landscape" >
21-->src\main\AndroidManifest.xml:13:13-50
22            <intent-filter>
22-->src\main\AndroidManifest.xml:14:13-18:29
23                <action android:name="android.intent.action.MAIN" />
23-->src\main\AndroidManifest.xml:15:17-69
23-->src\main\AndroidManifest.xml:15:25-66
24
25                <category android:name="android.intent.category.LAUNCHER" />
25-->src\main\AndroidManifest.xml:17:17-77
25-->src\main\AndroidManifest.xml:17:27-74
26            </intent-filter>
27        </activity>
28    </application>
29
30</manifest>